#
# There is insufficient memory for the Java Runtime Environment to continue.
# Native memory allocation (malloc) failed to allocate 1568816 bytes. Error detail: Chunk::new
# Possible reasons:
#   The system is out of physical RAM or swap space
#   This process is running with CompressedOops enabled, and the Java Heap may be blocking the growth of the native heap
# Possible solutions:
#   Reduce memory load on the system
#   Increase physical memory or swap space
#   Check if swap backing store is full
#   Decrease Java heap size (-Xmx/-Xms)
#   Decrease number of Java threads
#   Decrease Java thread stack sizes (-Xss)
#   Set larger code cache with -XX:ReservedCodeCacheSize=
#   JVM is running with Unscaled Compressed Oops mode in which the Java heap is
#     placed in the first 4GB address space. The Java Heap base address is the
#     maximum limit for the native heap growth. Please use -XX:HeapBaseMinAddress
#     to set the Java Heap base and to place the Java Heap above 4GB virtual address.
# This output file may be truncated or incomplete.
#
#  Out of Memory Error (arena.cpp:168), pid=18928, tid=17068
#
# JRE version: OpenJDK Runtime Environment Temurin-21.0.8+9 (21.0.8+9) (build 21.0.8+9-LTS)
# Java VM: OpenJDK 64-Bit Server VM Temurin-21.0.8+9 (21.0.8+9-LTS, mixed mode, sharing, tiered, compressed oops, compressed class ptrs, parallel gc, windows-amd64)
# No core dump will be written. Minidumps are not enabled by default on client versions of Windows
#

---------------  S U M M A R Y ------------

Command Line: --add-modules=ALL-SYSTEM --add-opens=java.base/java.util=ALL-UNNAMED --add-opens=java.base/java.lang=ALL-UNNAMED --add-opens=java.base/sun.nio.fs=ALL-UNNAMED -Declipse.application=org.eclipse.jdt.ls.core.id1 -Dosgi.bundles.defaultStartLevel=4 -Declipse.product=org.eclipse.jdt.ls.core.product -Djava.import.generatesMetadataFilesAtProjectRoot=false -DDetectVMInstallationsJob.disabled=true -Dfile.encoding=utf8 -XX:+UseParallelGC -XX:GCTimeRatio=4 -XX:AdaptiveSizePolicyWeight=90 -Dsun.zip.disableMemoryMapping=true -Xmx2G -Xms100m -Xlog:disable -javaagent:c:\Users\roque\.vscode\extensions\redhat.java-1.46.0-win32-x64\lombok\lombok-1.18.39-4050.jar -XX:+HeapDumpOnOutOfMemoryError -XX:HeapDumpPath=c:\Users\roque\AppData\Roaming\Code\User\workspaceStorage\b85439fd94097e179616c646c5b2ad43\redhat.java -Daether.dependencyCollector.impl=bf c:\Users\roque\.vscode\extensions\redhat.java-1.46.0-win32-x64\server\plugins\org.eclipse.equinox.launcher_1.7.0.v20250519-0528.jar -configuration c:\Users\roque\AppData\Roaming\Code\User\globalStorage\redhat.java\1.46.0\config_win -data c:\Users\roque\AppData\Roaming\Code\User\workspaceStorage\b85439fd94097e179616c646c5b2ad43\redhat.java\jdt_ws --pipe=\\.\pipe\lsp-de88a7ec063d762c2819690ecc94edc4-sock

Host: 12th Gen Intel(R) Core(TM) i5-1235U, 12 cores, 7G,  Windows 11 , 64 bit Build 26100 (10.0.26100.6725)
Time: Tue Oct 28 09:46:39 2025 Hora oficial do Brasil elapsed time: 15.011619 seconds (0d 0h 0m 15s)

---------------  T H R E A D  ---------------

Current thread (0x000001b3b1294520):  JavaThread "C2 CompilerThread0" daemon [_thread_in_native, id=17068, stack(0x00000036def00000,0x00000036df000000) (1024K)]


Current CompileTask:
C2:15014 4013       4       org.lombokweb.asm.ClassReader::readMethod (1070 bytes)

Stack: [0x00000036def00000,0x00000036df000000]
Native frames: (J=compiled Java code, j=interpreted, Vv=VM code, C=native code)
V  [jvm.dll+0x6d2449]
V  [jvm.dll+0x8ae341]
V  [jvm.dll+0x8b08be]
V  [jvm.dll+0x8b0fa3]
V  [jvm.dll+0x280c96]
V  [jvm.dll+0xc581d]
V  [jvm.dll+0xc5d53]
V  [jvm.dll+0x3b9162]
V  [jvm.dll+0x385315]
V  [jvm.dll+0x38477a]
V  [jvm.dll+0x248ed0]
V  [jvm.dll+0x2484af]
V  [jvm.dll+0x1c89ee]
V  [jvm.dll+0x257d4d]
V  [jvm.dll+0x2562ea]
V  [jvm.dll+0x3f2d16]
V  [jvm.dll+0x857e6b]
V  [jvm.dll+0x6d0b0d]
C  [ucrtbase.dll+0x37b0]
C  [KERNEL32.DLL+0x2e8d7]
C  [ntdll.dll+0x8c53c]


---------------  P R O C E S S  ---------------

Threads class SMR info:
_java_thread_list=0x000001b411b35210, length=24, elements={
0x000001b3aec9d330, 0x000001b3b1281f50, 0x000001b3b1285170, 0x000001b3b128a6f0,
0x000001b3b128e810, 0x000001b3b128e180, 0x000001b3b128cdd0, 0x000001b3b1294520,
0x000001b3b129c7b0, 0x000001b3b128c740, 0x000001b3b128daf0, 0x000001b3b128d460,
0x000001b3b128b390, 0x000001b3b128c0b0, 0x000001b40f856920, 0x000001b40f854ee0,
0x000001b40f856fb0, 0x000001b40f855570, 0x000001b40f855c00, 0x000001b40f856290,
0x000001b40f857cd0, 0x000001b410ddc790, 0x000001b40f857640, 0x000001b40f854850
}

Java Threads: ( => current thread )
  0x000001b3aec9d330 JavaThread "main"                              [_thread_blocked, id=3804, stack(0x00000036de500000,0x00000036de600000) (1024K)]
  0x000001b3b1281f50 JavaThread "Reference Handler"          daemon [_thread_blocked, id=34700, stack(0x00000036de900000,0x00000036dea00000) (1024K)]
  0x000001b3b1285170 JavaThread "Finalizer"                  daemon [_thread_blocked, id=33816, stack(0x00000036dea00000,0x00000036deb00000) (1024K)]
  0x000001b3b128a6f0 JavaThread "Signal Dispatcher"          daemon [_thread_blocked, id=18740, stack(0x00000036deb00000,0x00000036dec00000) (1024K)]
  0x000001b3b128e810 JavaThread "Attach Listener"            daemon [_thread_blocked, id=37192, stack(0x00000036dec00000,0x00000036ded00000) (1024K)]
  0x000001b3b128e180 JavaThread "Service Thread"             daemon [_thread_blocked, id=8140, stack(0x00000036ded00000,0x00000036dee00000) (1024K)]
  0x000001b3b128cdd0 JavaThread "Monitor Deflation Thread"   daemon [_thread_blocked, id=2036, stack(0x00000036dee00000,0x00000036def00000) (1024K)]
=>0x000001b3b1294520 JavaThread "C2 CompilerThread0"         daemon [_thread_in_native, id=17068, stack(0x00000036def00000,0x00000036df000000) (1024K)]
  0x000001b3b129c7b0 JavaThread "C1 CompilerThread0"         daemon [_thread_blocked, id=38480, stack(0x00000036df000000,0x00000036df100000) (1024K)]
  0x000001b3b128c740 JavaThread "Common-Cleaner"             daemon [_thread_blocked, id=35772, stack(0x00000036df100000,0x00000036df200000) (1024K)]
  0x000001b3b128daf0 JavaThread "Notification Thread"        daemon [_thread_blocked, id=24652, stack(0x00000036df200000,0x00000036df300000) (1024K)]
  0x000001b3b128d460 JavaThread "Active Thread: Equinox Container: 0d97f5fc-7c35-4bca-b9df-3f062134d336"        [_thread_blocked, id=37504, stack(0x00000036df300000,0x00000036df400000) (1024K)]
  0x000001b3b128b390 JavaThread "Refresh Thread: Equinox Container: 0d97f5fc-7c35-4bca-b9df-3f062134d336" daemon [_thread_blocked, id=39112, stack(0x00000036dfa00000,0x00000036dfb00000) (1024K)]
  0x000001b3b128c0b0 JavaThread "Framework Event Dispatcher: Equinox Container: 0d97f5fc-7c35-4bca-b9df-3f062134d336" daemon [_thread_blocked, id=17312, stack(0x00000036dfc00000,0x00000036dfd00000) (1024K)]
  0x000001b40f856920 JavaThread "Start Level: Equinox Container: 0d97f5fc-7c35-4bca-b9df-3f062134d336" daemon [_thread_in_native, id=25496, stack(0x00000036dfd00000,0x00000036dfe00000) (1024K)]
  0x000001b40f854ee0 JavaThread "Bundle File Closer"         daemon [_thread_blocked, id=38764, stack(0x00000036e0100000,0x00000036e0200000) (1024K)]
  0x000001b40f856fb0 JavaThread "SCR Component Actor"        daemon [_thread_blocked, id=20976, stack(0x00000036dfe00000,0x00000036dff00000) (1024K)]
  0x000001b40f855570 JavaThread "Worker-JM"                         [_thread_blocked, id=8956, stack(0x00000036e0200000,0x00000036e0300000) (1024K)]
  0x000001b40f855c00 JavaThread "Worker-0: Repository registry initialization"        [_thread_in_native, id=2540, stack(0x00000036e0300000,0x00000036e0400000) (1024K)]
  0x000001b40f856290 JavaThread "Worker-1: Updating Maven Dependencies"        [_thread_blocked, id=28660, stack(0x00000036e0400000,0x00000036e0500000) (1024K)]
  0x000001b40f857cd0 JavaThread "Worker-2"                          [_thread_blocked, id=3904, stack(0x00000036e0500000,0x00000036e0600000) (1024K)]
  0x000001b410ddc790 JavaThread "C2 CompilerThread1"         daemon [_thread_in_native, id=33352, stack(0x00000036e0600000,0x00000036e0700000) (1024K)]
  0x000001b40f857640 JavaThread "Java indexing"              daemon [_thread_blocked, id=1660, stack(0x00000036e0700000,0x00000036e0800000) (1024K)]
  0x000001b40f854850 JavaThread "Worker-3"                          [_thread_blocked, id=37532, stack(0x00000036e0800000,0x00000036e0900000) (1024K)]
Total: 24

Other Threads:
  0x000001b3b1172bc0 VMThread "VM Thread"                           [id=21676, stack(0x00000036de800000,0x00000036de900000) (1024K)]
  0x000001b3b106ca10 WatcherThread "VM Periodic Task Thread"        [id=10572, stack(0x00000036de700000,0x00000036de800000) (1024K)]
  0x000001b3b11ffeb0 WorkerThread "GC Thread#0"                     [id=17600, stack(0x00000036de600000,0x00000036de700000) (1024K)]
  0x000001b40f398fd0 WorkerThread "GC Thread#1"                     [id=2252, stack(0x00000036df400000,0x00000036df500000) (1024K)]
  0x000001b40f7e7c10 WorkerThread "GC Thread#2"                     [id=11252, stack(0x00000036df500000,0x00000036df600000) (1024K)]
  0x000001b40f7e7fb0 WorkerThread "GC Thread#3"                     [id=34620, stack(0x00000036df600000,0x00000036df700000) (1024K)]
  0x000001b40f7e8350 WorkerThread "GC Thread#4"                     [id=15568, stack(0x00000036df700000,0x00000036df800000) (1024K)]
  0x000001b40f03ed10 WorkerThread "GC Thread#5"                     [id=32008, stack(0x00000036df800000,0x00000036df900000) (1024K)]
  0x000001b40f03f0b0 WorkerThread "GC Thread#6"                     [id=16672, stack(0x00000036df900000,0x00000036dfa00000) (1024K)]
  0x000001b40f7e2550 WorkerThread "GC Thread#7"                     [id=22396, stack(0x00000036dfb00000,0x00000036dfc00000) (1024K)]
  0x000001b40fb21d50 WorkerThread "GC Thread#8"                     [id=17980, stack(0x00000036dff00000,0x00000036e0000000) (1024K)]
  0x000001b40fd08b10 WorkerThread "GC Thread#9"                     [id=28580, stack(0x00000036e0000000,0x00000036e0100000) (1024K)]
Total: 12

Threads with active compile tasks:
C2 CompilerThread0  15245 4013       4       org.lombokweb.asm.ClassReader::readMethod (1070 bytes)
C2 CompilerThread1  15246 4039   !   4       org.eclipse.osgi.internal.loader.classpath.ClasspathManager::findClassImpl (343 bytes)
Total: 2

VM state: not at safepoint (normal execution)

VM Mutex/Monitor currently owned by a thread: None

Heap address: 0x0000000080000000, size: 2048 MB, Compressed Oops mode: 32-bit

CDS archive(s) mapped at: [0x000001b3c8000000-0x000001b3c8ba0000-0x000001b3c8ba0000), size 12189696, SharedBaseAddress: 0x000001b3c8000000, ArchiveRelocationMode: 1.
Compressed class space mapped at: 0x000001b3c9000000-0x000001b409000000, reserved size: 1073741824
Narrow klass base: 0x000001b3c8000000, Narrow klass shift: 0, Narrow klass range: 0x100000000

GC Precious Log:
 CardTable entry size: 512
 CPUs: 12 total, 12 available
 Memory: 7916M
 Large Page Support: Disabled
 NUMA Support: Disabled
 Compressed Oops: Enabled (32-bit)
 Alignments: Space 512K, Generation 512K, Heap 2M
 Heap Min Capacity: 100M
 Heap Initial Capacity: 100M
 Heap Max Capacity: 2G
 Pre-touch: Disabled
 Parallel Workers: 10

Heap:
 PSYoungGen      total 25600K, used 15443K [0x00000000d5580000, 0x00000000d7380000, 0x0000000100000000)
  eden space 23040K, 56% used [0x00000000d5580000,0x00000000d622d3c8,0x00000000d6c00000)
  from space 2560K, 96% used [0x00000000d7100000,0x00000000d7367b68,0x00000000d7380000)
  to   space 3072K, 0% used [0x00000000d6d80000,0x00000000d6d80000,0x00000000d7080000)
 ParOldGen       total 68608K, used 13146K [0x0000000080000000, 0x0000000084300000, 0x00000000d5580000)
  object space 68608K, 19% used [0x0000000080000000,0x0000000080cd6888,0x0000000084300000)
 Metaspace       used 27608K, committed 28544K, reserved 1114112K
  class space    used 2734K, committed 3136K, reserved 1048576K

Card table byte_map: [0x000001b3b0b80000,0x000001b3b0f90000] _byte_map_base: 0x000001b3b0780000

Marking Bits: (ParMarkBitMap*) 0x00007ffc2fa9a340
 Begin Bits: [0x000001b3c3680000, 0x000001b3c5680000)
 End Bits:   [0x000001b3c5680000, 0x000001b3c7680000)

Polling page: 0x000001b3aef70000

Metaspace:

Usage:
  Non-class:     24.29 MB used.
      Class:      2.67 MB used.
       Both:     26.96 MB used.

Virtual space:
  Non-class space:       64.00 MB reserved,      24.81 MB ( 39%) committed,  1 nodes.
      Class space:        1.00 GB reserved,       3.06 MB ( <1%) committed,  1 nodes.
             Both:        1.06 GB reserved,      27.88 MB (  3%) committed. 

Chunk freelists:
   Non-Class:  6.96 MB
       Class:  12.85 MB
        Both:  19.82 MB

MaxMetaspaceSize: unlimited
CompressedClassSpaceSize: 1.00 GB
Initial GC threshold: 21.00 MB
Current GC threshold: 35.00 MB
CDS: on
 - commit_granule_bytes: 65536.
 - commit_granule_words: 8192.
 - virtual_space_node_default_size: 8388608.
 - enlarge_chunks_in_place: 1.
 - use_allocation_guard: 0.


Internal statistics:

num_allocs_failed_limit: 3.
num_arena_births: 664.
num_arena_deaths: 14.
num_vsnodes_births: 2.
num_vsnodes_deaths: 0.
num_space_committed: 446.
num_space_uncommitted: 0.
num_chunks_returned_to_freelist: 17.
num_chunks_taken_from_freelist: 1802.
num_chunk_merges: 7.
num_chunk_splits: 1144.
num_chunks_enlarged: 718.
num_inconsistent_stats: 0.

CodeHeap 'non-profiled nmethods': size=120000Kb used=1819Kb max_used=1819Kb free=118180Kb
 bounds [0x000001b3bbea0000, 0x000001b3bc110000, 0x000001b3c33d0000]
CodeHeap 'profiled nmethods': size=120000Kb used=8805Kb max_used=8805Kb free=111195Kb
 bounds [0x000001b3b43d0000, 0x000001b3b4c70000, 0x000001b3bb900000]
CodeHeap 'non-nmethods': size=5760Kb used=1320Kb max_used=1334Kb free=4439Kb
 bounds [0x000001b3bb900000, 0x000001b3bbb70000, 0x000001b3bbea0000]
CodeCache: size=245760Kb, used=11944Kb, max_used=11958Kb, free=233814Kb
 total_blobs=4745, nmethods=4138, adapters=513, full_count=0
Compilation: enabled, stopped_count=0, restarted_count=0

Compilation events (20 events):
Event: 12.806 Thread 0x000001b3b129c7b0 nmethod 4079 0x000001b3b4c3b590 code [0x000001b3b4c3b760, 0x000001b3b4c3b960]
Event: 12.811 Thread 0x000001b3b129c7b0 4080       1       java.net.URI::getRawAuthority (5 bytes)
Event: 12.812 Thread 0x000001b3b129c7b0 nmethod 4080 0x000001b3bc065490 code [0x000001b3bc065620, 0x000001b3bc0656e8]
Event: 12.812 Thread 0x000001b3b129c7b0 4081       1       java.net.URI::getRawFragment (5 bytes)
Event: 12.812 Thread 0x000001b3b129c7b0 nmethod 4081 0x000001b3bc065790 code [0x000001b3bc065920, 0x000001b3bc0659e8]
Event: 12.812 Thread 0x000001b3b129c7b0 4082       1       java.net.URI::getRawQuery (5 bytes)
Event: 12.812 Thread 0x000001b3b129c7b0 nmethod 4082 0x000001b3bc065a90 code [0x000001b3bc065c20, 0x000001b3bc065ce8]
Event: 12.857 Thread 0x000001b3b129c7b0 4083       3       org.eclipse.osgi.internal.loader.sources.PackageSource::<init> (13 bytes)
Event: 12.858 Thread 0x000001b3b129c7b0 nmethod 4083 0x000001b3b4c3ba90 code [0x000001b3b4c3bc40, 0x000001b3b4c3be08]
Event: 12.896 Thread 0x000001b3b129c7b0 4084       1       java.net.URI::getRawPath (5 bytes)
Event: 12.896 Thread 0x000001b3b129c7b0 nmethod 4084 0x000001b3bc065d90 code [0x000001b3bc065f20, 0x000001b3bc065fe8]
Event: 12.896 Thread 0x000001b3b129c7b0 4085       1       java.net.URI::getPort (5 bytes)
Event: 12.896 Thread 0x000001b3b129c7b0 nmethod 4085 0x000001b3bc066090 code [0x000001b3bc066220, 0x000001b3bc0662e8]
Event: 12.929 Thread 0x000001b3b129c7b0 4086       3       java.net.URL::<init> (7 bytes)
Event: 12.930 Thread 0x000001b3b129c7b0 nmethod 4086 0x000001b3b4c3bf10 code [0x000001b3b4c3c0c0, 0x000001b3b4c3c270]
Event: 13.089 Thread 0x000001b3b129c7b0 4087       3       java.util.concurrent.locks.AbstractQueuedSynchronizer::tryAcquireSharedNanos (62 bytes)
Event: 13.089 Thread 0x000001b3b129c7b0 nmethod 4087 0x000001b3b4c3c390 code [0x000001b3b4c3c5c0, 0x000001b3b4c3ccb0]
Event: 14.063 Thread 0x000001b3b129c7b0 4088   !   3       java.util.concurrent.locks.LockSupport::parkNanos (56 bytes)
Event: 14.929 Thread 0x000001b3b129c7b0 nmethod 4088 0x000001b3b4c3ce90 code [0x000001b3b4c3d0a0, 0x000001b3b4c3d4e0]
Event: 14.929 Thread 0x000001b3b129c7b0 4090   !   3       java.util.concurrent.locks.AbstractQueuedSynchronizer::acquire (424 bytes)

GC Heap History (20 events):
Event: 3.099 GC heap before
{Heap before GC invocations=1 (full 0):
 PSYoungGen      total 29696K, used 25600K [0x00000000d5580000, 0x00000000d7680000, 0x0000000100000000)
  eden space 25600K, 100% used [0x00000000d5580000,0x00000000d6e80000,0x00000000d6e80000)
  from space 4096K, 0% used [0x00000000d7280000,0x00000000d7280000,0x00000000d7680000)
  to   space 4096K, 0% used [0x00000000d6e80000,0x00000000d6e80000,0x00000000d7280000)
 ParOldGen       total 68608K, used 0K [0x0000000080000000, 0x0000000084300000, 0x00000000d5580000)
  object space 68608K, 0% used [0x0000000080000000,0x0000000080000000,0x0000000084300000)
 Metaspace       used 4330K, committed 4608K, reserved 1114112K
  class space    used 471K, committed 576K, reserved 1048576K
}
Event: 3.111 GC heap after
{Heap after GC invocations=1 (full 0):
 PSYoungGen      total 29696K, used 3351K [0x00000000d5580000, 0x00000000d7680000, 0x0000000100000000)
  eden space 25600K, 0% used [0x00000000d5580000,0x00000000d5580000,0x00000000d6e80000)
  from space 4096K, 81% used [0x00000000d6e80000,0x00000000d71c5e28,0x00000000d7280000)
  to   space 4096K, 0% used [0x00000000d7280000,0x00000000d7280000,0x00000000d7680000)
 ParOldGen       total 68608K, used 16K [0x0000000080000000, 0x0000000084300000, 0x00000000d5580000)
  object space 68608K, 0% used [0x0000000080000000,0x0000000080004000,0x0000000084300000)
 Metaspace       used 4330K, committed 4608K, reserved 1114112K
  class space    used 471K, committed 576K, reserved 1048576K
}
Event: 4.692 GC heap before
{Heap before GC invocations=2 (full 0):
 PSYoungGen      total 29696K, used 28951K [0x00000000d5580000, 0x00000000d7680000, 0x0000000100000000)
  eden space 25600K, 100% used [0x00000000d5580000,0x00000000d6e80000,0x00000000d6e80000)
  from space 4096K, 81% used [0x00000000d6e80000,0x00000000d71c5e28,0x00000000d7280000)
  to   space 4096K, 0% used [0x00000000d7280000,0x00000000d7280000,0x00000000d7680000)
 ParOldGen       total 68608K, used 16K [0x0000000080000000, 0x0000000084300000, 0x00000000d5580000)
  object space 68608K, 0% used [0x0000000080000000,0x0000000080004000,0x0000000084300000)
 Metaspace       used 8001K, committed 8256K, reserved 1114112K
  class space    used 837K, committed 960K, reserved 1048576K
}
Event: 4.702 GC heap after
{Heap after GC invocations=2 (full 0):
 PSYoungGen      total 29696K, used 4069K [0x00000000d5580000, 0x00000000d7680000, 0x0000000100000000)
  eden space 25600K, 0% used [0x00000000d5580000,0x00000000d5580000,0x00000000d6e80000)
  from space 4096K, 99% used [0x00000000d7280000,0x00000000d7679780,0x00000000d7680000)
  to   space 4096K, 0% used [0x00000000d6e80000,0x00000000d6e80000,0x00000000d7280000)
 ParOldGen       total 68608K, used 1759K [0x0000000080000000, 0x0000000084300000, 0x00000000d5580000)
  object space 68608K, 2% used [0x0000000080000000,0x00000000801b7f18,0x0000000084300000)
 Metaspace       used 8001K, committed 8256K, reserved 1114112K
  class space    used 837K, committed 960K, reserved 1048576K
}
Event: 5.616 GC heap before
{Heap before GC invocations=3 (full 0):
 PSYoungGen      total 29696K, used 29669K [0x00000000d5580000, 0x00000000d7680000, 0x0000000100000000)
  eden space 25600K, 100% used [0x00000000d5580000,0x00000000d6e80000,0x00000000d6e80000)
  from space 4096K, 99% used [0x00000000d7280000,0x00000000d7679780,0x00000000d7680000)
  to   space 4096K, 0% used [0x00000000d6e80000,0x00000000d6e80000,0x00000000d7280000)
 ParOldGen       total 68608K, used 1759K [0x0000000080000000, 0x0000000084300000, 0x00000000d5580000)
  object space 68608K, 2% used [0x0000000080000000,0x00000000801b7f18,0x0000000084300000)
 Metaspace       used 9402K, committed 9728K, reserved 1114112K
  class space    used 1005K, committed 1152K, reserved 1048576K
}
Event: 5.627 GC heap after
{Heap after GC invocations=3 (full 0):
 PSYoungGen      total 29696K, used 4071K [0x00000000d5580000, 0x00000000d7680000, 0x0000000100000000)
  eden space 25600K, 0% used [0x00000000d5580000,0x00000000d5580000,0x00000000d6e80000)
  from space 4096K, 99% used [0x00000000d6e80000,0x00000000d7279c78,0x00000000d7280000)
  to   space 4096K, 0% used [0x00000000d7280000,0x00000000d7280000,0x00000000d7680000)
 ParOldGen       total 68608K, used 4829K [0x0000000080000000, 0x0000000084300000, 0x00000000d5580000)
  object space 68608K, 7% used [0x0000000080000000,0x00000000804b7708,0x0000000084300000)
 Metaspace       used 9402K, committed 9728K, reserved 1114112K
  class space    used 1005K, committed 1152K, reserved 1048576K
}
Event: 7.258 GC heap before
{Heap before GC invocations=4 (full 0):
 PSYoungGen      total 29696K, used 29671K [0x00000000d5580000, 0x00000000d7680000, 0x0000000100000000)
  eden space 25600K, 100% used [0x00000000d5580000,0x00000000d6e80000,0x00000000d6e80000)
  from space 4096K, 99% used [0x00000000d6e80000,0x00000000d7279c78,0x00000000d7280000)
  to   space 4096K, 0% used [0x00000000d7280000,0x00000000d7280000,0x00000000d7680000)
 ParOldGen       total 68608K, used 4829K [0x0000000080000000, 0x0000000084300000, 0x00000000d5580000)
  object space 68608K, 7% used [0x0000000080000000,0x00000000804b7708,0x0000000084300000)
 Metaspace       used 12096K, committed 12480K, reserved 1114112K
  class space    used 1293K, committed 1472K, reserved 1048576K
}
Event: 7.266 GC heap after
{Heap after GC invocations=4 (full 0):
 PSYoungGen      total 29696K, used 4083K [0x00000000d5580000, 0x00000000d7680000, 0x0000000100000000)
  eden space 25600K, 0% used [0x00000000d5580000,0x00000000d5580000,0x00000000d6e80000)
  from space 4096K, 99% used [0x00000000d7280000,0x00000000d767cd78,0x00000000d7680000)
  to   space 4096K, 0% used [0x00000000d6e80000,0x00000000d6e80000,0x00000000d7280000)
 ParOldGen       total 68608K, used 6207K [0x0000000080000000, 0x0000000084300000, 0x00000000d5580000)
  object space 68608K, 9% used [0x0000000080000000,0x000000008060fee0,0x0000000084300000)
 Metaspace       used 12096K, committed 12480K, reserved 1114112K
  class space    used 1293K, committed 1472K, reserved 1048576K
}
Event: 9.454 GC heap before
{Heap before GC invocations=5 (full 0):
 PSYoungGen      total 29696K, used 29683K [0x00000000d5580000, 0x00000000d7680000, 0x0000000100000000)
  eden space 25600K, 100% used [0x00000000d5580000,0x00000000d6e80000,0x00000000d6e80000)
  from space 4096K, 99% used [0x00000000d7280000,0x00000000d767cd78,0x00000000d7680000)
  to   space 4096K, 0% used [0x00000000d6e80000,0x00000000d6e80000,0x00000000d7280000)
 ParOldGen       total 68608K, used 6207K [0x0000000080000000, 0x0000000084300000, 0x00000000d5580000)
  object space 68608K, 9% used [0x0000000080000000,0x000000008060fee0,0x0000000084300000)
 Metaspace       used 15340K, committed 15808K, reserved 1114112K
  class space    used 1587K, committed 1792K, reserved 1048576K
}
Event: 9.461 GC heap after
{Heap after GC invocations=5 (full 0):
 PSYoungGen      total 29184K, used 4085K [0x00000000d5580000, 0x00000000d7a00000, 0x0000000100000000)
  eden space 25088K, 0% used [0x00000000d5580000,0x00000000d5580000,0x00000000d6e00000)
  from space 4096K, 99% used [0x00000000d6e80000,0x00000000d727d550,0x00000000d7280000)
  to   space 6144K, 0% used [0x00000000d7400000,0x00000000d7400000,0x00000000d7a00000)
 ParOldGen       total 68608K, used 7742K [0x0000000080000000, 0x0000000084300000, 0x00000000d5580000)
  object space 68608K, 11% used [0x0000000080000000,0x000000008078faf0,0x0000000084300000)
 Metaspace       used 15340K, committed 15808K, reserved 1114112K
  class space    used 1587K, committed 1792K, reserved 1048576K
}
Event: 10.326 GC heap before
{Heap before GC invocations=6 (full 0):
 PSYoungGen      total 29184K, used 29166K [0x00000000d5580000, 0x00000000d7a00000, 0x0000000100000000)
  eden space 25088K, 99% used [0x00000000d5580000,0x00000000d6dfe460,0x00000000d6e00000)
  from space 4096K, 99% used [0x00000000d6e80000,0x00000000d727d550,0x00000000d7280000)
  to   space 6144K, 0% used [0x00000000d7400000,0x00000000d7400000,0x00000000d7a00000)
 ParOldGen       total 68608K, used 7742K [0x0000000080000000, 0x0000000084300000, 0x00000000d5580000)
  object space 68608K, 11% used [0x0000000080000000,0x000000008078faf0,0x0000000084300000)
 Metaspace       used 18013K, committed 18816K, reserved 1114112K
  class space    used 1886K, committed 2240K, reserved 1048576K
}
Event: 10.333 GC heap after
{Heap after GC invocations=6 (full 0):
 PSYoungGen      total 29696K, used 4635K [0x00000000d5580000, 0x00000000d7900000, 0x0000000100000000)
  eden space 24576K, 0% used [0x00000000d5580000,0x00000000d5580000,0x00000000d6d80000)
  from space 5120K, 90% used [0x00000000d7400000,0x00000000d7886e70,0x00000000d7900000)
  to   space 5120K, 0% used [0x00000000d6f00000,0x00000000d6f00000,0x00000000d7400000)
 ParOldGen       total 68608K, used 7750K [0x0000000080000000, 0x0000000084300000, 0x00000000d5580000)
  object space 68608K, 11% used [0x0000000080000000,0x0000000080791af0,0x0000000084300000)
 Metaspace       used 18013K, committed 18816K, reserved 1114112K
  class space    used 1886K, committed 2240K, reserved 1048576K
}
Event: 10.923 GC heap before
{Heap before GC invocations=7 (full 0):
 PSYoungGen      total 29696K, used 29211K [0x00000000d5580000, 0x00000000d7900000, 0x0000000100000000)
  eden space 24576K, 100% used [0x00000000d5580000,0x00000000d6d80000,0x00000000d6d80000)
  from space 5120K, 90% used [0x00000000d7400000,0x00000000d7886e70,0x00000000d7900000)
  to   space 5120K, 0% used [0x00000000d6f00000,0x00000000d6f00000,0x00000000d7400000)
 ParOldGen       total 68608K, used 7750K [0x0000000080000000, 0x0000000084300000, 0x00000000d5580000)
  object space 68608K, 11% used [0x0000000080000000,0x0000000080791af0,0x0000000084300000)
 Metaspace       used 20616K, committed 21376K, reserved 1114112K
  class space    used 2134K, committed 2432K, reserved 1048576K
}
Event: 10.931 GC heap after
{Heap after GC invocations=7 (full 0):
 PSYoungGen      total 29184K, used 5115K [0x00000000d5580000, 0x00000000d7b00000, 0x0000000100000000)
  eden space 24064K, 0% used [0x00000000d5580000,0x00000000d5580000,0x00000000d6d00000)
  from space 5120K, 99% used [0x00000000d6f00000,0x00000000d73fedc8,0x00000000d7400000)
  to   space 7168K, 0% used [0x00000000d7400000,0x00000000d7400000,0x00000000d7b00000)
 ParOldGen       total 68608K, used 9405K [0x0000000080000000, 0x0000000084300000, 0x00000000d5580000)
  object space 68608K, 13% used [0x0000000080000000,0x000000008092f610,0x0000000084300000)
 Metaspace       used 20616K, committed 21376K, reserved 1114112K
  class space    used 2134K, committed 2432K, reserved 1048576K
}
Event: 10.989 GC heap before
{Heap before GC invocations=8 (full 0):
 PSYoungGen      total 29184K, used 12930K [0x00000000d5580000, 0x00000000d7b00000, 0x0000000100000000)
  eden space 24064K, 32% used [0x00000000d5580000,0x00000000d5d21ac8,0x00000000d6d00000)
  from space 5120K, 99% used [0x00000000d6f00000,0x00000000d73fedc8,0x00000000d7400000)
  to   space 7168K, 0% used [0x00000000d7400000,0x00000000d7400000,0x00000000d7b00000)
 ParOldGen       total 68608K, used 9405K [0x0000000080000000, 0x0000000084300000, 0x00000000d5580000)
  object space 68608K, 13% used [0x0000000080000000,0x000000008092f610,0x0000000084300000)
 Metaspace       used 20791K, committed 21504K, reserved 1114112K
  class space    used 2136K, committed 2432K, reserved 1048576K
}
Event: 10.993 GC heap after
{Heap after GC invocations=8 (full 0):
 PSYoungGen      total 28672K, used 4144K [0x00000000d5580000, 0x00000000d7880000, 0x0000000100000000)
  eden space 24064K, 0% used [0x00000000d5580000,0x00000000d5580000,0x00000000d6d00000)
  from space 4608K, 89% used [0x00000000d7400000,0x00000000d780c320,0x00000000d7880000)
  to   space 5120K, 0% used [0x00000000d6e80000,0x00000000d6e80000,0x00000000d7380000)
 ParOldGen       total 68608K, used 9793K [0x0000000080000000, 0x0000000084300000, 0x00000000d5580000)
  object space 68608K, 14% used [0x0000000080000000,0x0000000080990640,0x0000000084300000)
 Metaspace       used 20791K, committed 21504K, reserved 1114112K
  class space    used 2136K, committed 2432K, reserved 1048576K
}
Event: 10.993 GC heap before
{Heap before GC invocations=9 (full 1):
 PSYoungGen      total 28672K, used 4144K [0x00000000d5580000, 0x00000000d7880000, 0x0000000100000000)
  eden space 24064K, 0% used [0x00000000d5580000,0x00000000d5580000,0x00000000d6d00000)
  from space 4608K, 89% used [0x00000000d7400000,0x00000000d780c320,0x00000000d7880000)
  to   space 5120K, 0% used [0x00000000d6e80000,0x00000000d6e80000,0x00000000d7380000)
 ParOldGen       total 68608K, used 9793K [0x0000000080000000, 0x0000000084300000, 0x00000000d5580000)
  object space 68608K, 14% used [0x0000000080000000,0x0000000080990640,0x0000000084300000)
 Metaspace       used 20791K, committed 21504K, reserved 1114112K
  class space    used 2136K, committed 2432K, reserved 1048576K
}
Event: 11.034 GC heap after
{Heap after GC invocations=9 (full 1):
 PSYoungGen      total 28672K, used 0K [0x00000000d5580000, 0x00000000d7880000, 0x0000000100000000)
  eden space 24064K, 0% used [0x00000000d5580000,0x00000000d5580000,0x00000000d6d00000)
  from space 4608K, 0% used [0x00000000d7400000,0x00000000d7400000,0x00000000d7880000)
  to   space 5120K, 0% used [0x00000000d6e80000,0x00000000d6e80000,0x00000000d7380000)
 ParOldGen       total 68608K, used 13130K [0x0000000080000000, 0x0000000084300000, 0x00000000d5580000)
  object space 68608K, 19% used [0x0000000080000000,0x0000000080cd2888,0x0000000084300000)
 Metaspace       used 20778K, committed 21504K, reserved 1114112K
  class space    used 2132K, committed 2432K, reserved 1048576K
}
Event: 12.594 GC heap before
{Heap before GC invocations=10 (full 1):
 PSYoungGen      total 28672K, used 24064K [0x00000000d5580000, 0x00000000d7880000, 0x0000000100000000)
  eden space 24064K, 100% used [0x00000000d5580000,0x00000000d6d00000,0x00000000d6d00000)
  from space 4608K, 0% used [0x00000000d7400000,0x00000000d7400000,0x00000000d7880000)
  to   space 5120K, 0% used [0x00000000d6e80000,0x00000000d6e80000,0x00000000d7380000)
 ParOldGen       total 68608K, used 13130K [0x0000000080000000, 0x0000000084300000, 0x00000000d5580000)
  object space 68608K, 19% used [0x0000000080000000,0x0000000080cd2888,0x0000000084300000)
 Metaspace       used 24318K, committed 25152K, reserved 1114112K
  class space    used 2423K, committed 2752K, reserved 1048576K
}
Event: 12.596 GC heap after
{Heap after GC invocations=10 (full 1):
 PSYoungGen      total 26112K, used 2413K [0x00000000d5580000, 0x00000000d7480000, 0x0000000100000000)
  eden space 23552K, 0% used [0x00000000d5580000,0x00000000d5580000,0x00000000d6c80000)
  from space 2560K, 94% used [0x00000000d6e80000,0x00000000d70db768,0x00000000d7100000)
  to   space 3584K, 0% used [0x00000000d7100000,0x00000000d7100000,0x00000000d7480000)
 ParOldGen       total 68608K, used 13138K [0x0000000080000000, 0x0000000084300000, 0x00000000d5580000)
  object space 68608K, 19% used [0x0000000080000000,0x0000000080cd4888,0x0000000084300000)
 Metaspace       used 24318K, committed 25152K, reserved 1114112K
  class space    used 2423K, committed 2752K, reserved 1048576K
}

Dll operation events (11 events):
Event: 0.108 Loaded shared library c:\Users\roque\.vscode\extensions\redhat.java-1.46.0-win32-x64\jre\21.0.8-win32-x86_64\bin\java.dll
Event: 1.164 Loaded shared library c:\Users\roque\.vscode\extensions\redhat.java-1.46.0-win32-x64\jre\21.0.8-win32-x86_64\bin\zip.dll
Event: 1.220 Loaded shared library C:\Users\roque\.vscode\extensions\redhat.java-1.46.0-win32-x64\jre\21.0.8-win32-x86_64\bin\instrument.dll
Event: 1.337 Loaded shared library C:\Users\roque\.vscode\extensions\redhat.java-1.46.0-win32-x64\jre\21.0.8-win32-x86_64\bin\net.dll
Event: 1.369 Loaded shared library C:\Users\roque\.vscode\extensions\redhat.java-1.46.0-win32-x64\jre\21.0.8-win32-x86_64\bin\nio.dll
Event: 1.379 Loaded shared library C:\Users\roque\.vscode\extensions\redhat.java-1.46.0-win32-x64\jre\21.0.8-win32-x86_64\bin\zip.dll
Event: 1.431 Loaded shared library C:\Users\roque\.vscode\extensions\redhat.java-1.46.0-win32-x64\jre\21.0.8-win32-x86_64\bin\jimage.dll
Event: 1.866 Loaded shared library c:\Users\roque\.vscode\extensions\redhat.java-1.46.0-win32-x64\jre\21.0.8-win32-x86_64\bin\verify.dll
Event: 4.786 Loaded shared library C:\Users\roque\AppData\Roaming\Code\User\globalStorage\redhat.java\1.46.0\config_win\org.eclipse.equinox.launcher\org.eclipse.equinox.launcher.win32.win32.x86_64_1.2.1400.v20250801-0854\eclipse_11916.dll
Event: 9.395 Loaded shared library C:\Users\roque\.vscode\extensions\redhat.java-1.46.0-win32-x64\jre\21.0.8-win32-x86_64\bin\management.dll
Event: 9.410 Loaded shared library C:\Users\roque\.vscode\extensions\redhat.java-1.46.0-win32-x64\jre\21.0.8-win32-x86_64\bin\management_ext.dll

Deoptimization events (20 events):
Event: 12.602 Thread 0x000001b40f855c00 Uncommon trap: trap_request=0xffffffde fr.pc=0x000001b3bc0558b8 relative=0x00000000000000f8
Event: 12.602 Thread 0x000001b40f855c00 Uncommon trap: reason=class_check action=maybe_recompile pc=0x000001b3bc0558b8 method=java.lang.Character.codePointAt(Ljava/lang/CharSequence;I)I @ 2 c2
Event: 12.602 Thread 0x000001b40f855c00 DEOPT PACKING pc=0x000001b3bc0558b8 sp=0x00000036e03fe830
Event: 12.602 Thread 0x000001b40f855c00 DEOPT UNPACKING pc=0x000001b3bb953aa2 sp=0x00000036e03fe7b8 mode 2
Event: 12.602 Thread 0x000001b40f855c00 Uncommon trap: trap_request=0xffffffde fr.pc=0x000001b3bc0558b8 relative=0x00000000000000f8
Event: 12.602 Thread 0x000001b40f855c00 Uncommon trap: reason=class_check action=maybe_recompile pc=0x000001b3bc0558b8 method=java.lang.Character.codePointAt(Ljava/lang/CharSequence;I)I @ 2 c2
Event: 12.602 Thread 0x000001b40f855c00 DEOPT PACKING pc=0x000001b3bc0558b8 sp=0x00000036e03fe830
Event: 12.602 Thread 0x000001b40f855c00 DEOPT UNPACKING pc=0x000001b3bb953aa2 sp=0x00000036e03fe7b8 mode 2
Event: 12.602 Thread 0x000001b40f855c00 Uncommon trap: trap_request=0xffffffde fr.pc=0x000001b3bc0558b8 relative=0x00000000000000f8
Event: 12.602 Thread 0x000001b40f855c00 Uncommon trap: reason=class_check action=maybe_recompile pc=0x000001b3bc0558b8 method=java.lang.Character.codePointAt(Ljava/lang/CharSequence;I)I @ 2 c2
Event: 12.602 Thread 0x000001b40f855c00 DEOPT PACKING pc=0x000001b3bc0558b8 sp=0x00000036e03fe830
Event: 12.602 Thread 0x000001b40f855c00 DEOPT UNPACKING pc=0x000001b3bb953aa2 sp=0x00000036e03fe7b8 mode 2
Event: 12.602 Thread 0x000001b40f855c00 Uncommon trap: trap_request=0xffffff76 fr.pc=0x000001b3bc031d80 relative=0x0000000000000380
Event: 12.602 Thread 0x000001b40f855c00 Uncommon trap: reason=predicate action=maybe_recompile pc=0x000001b3bc031d80 method=java.util.regex.Pattern$BmpCharPropertyGreedy.match(Ljava/util/regex/Matcher;ILjava/lang/CharSequence;)Z @ 12 c2
Event: 12.602 Thread 0x000001b40f855c00 DEOPT PACKING pc=0x000001b3bc031d80 sp=0x00000036e03fe770
Event: 12.602 Thread 0x000001b40f855c00 DEOPT UNPACKING pc=0x000001b3bb953aa2 sp=0x00000036e03fe718 mode 2
Event: 12.603 Thread 0x000001b40f856920 DEOPT PACKING pc=0x000001b3b4835344 sp=0x00000036dfdf4b10
Event: 12.603 Thread 0x000001b40f856920 DEOPT UNPACKING pc=0x000001b3bb954242 sp=0x00000036dfdf40a0 mode 0
Event: 12.818 Thread 0x000001b40f856920 DEOPT PACKING pc=0x000001b3b4a1a039 sp=0x00000036dfdf7b60
Event: 12.818 Thread 0x000001b40f856920 DEOPT UNPACKING pc=0x000001b3bb954242 sp=0x00000036dfdf7060 mode 0

Classes loaded (20 events):
Event: 12.551 Loading class java/lang/invoke/MethodHandleImpl$Makers$3
Event: 12.551 Loading class java/lang/invoke/MethodHandleImpl$Makers$3 done
Event: 12.555 Loading class java/lang/runtime/ObjectMethods$1
Event: 12.555 Loading class java/lang/runtime/ObjectMethods$1 done
Event: 12.559 Loading class java/lang/StringIndexOutOfBoundsException
Event: 12.559 Loading class java/lang/StringIndexOutOfBoundsException done
Event: 12.580 Loading class java/lang/invoke/MethodHandleImpl$CountingWrapper
Event: 12.582 Loading class java/lang/invoke/MethodHandleImpl$CountingWrapper done
Event: 12.602 Loading class java/io/FileReader
Event: 12.602 Loading class java/io/FileReader done
Event: 12.696 Loading class java/util/concurrent/atomic/AtomicReferenceFieldUpdater
Event: 12.696 Loading class java/util/concurrent/atomic/AtomicReferenceFieldUpdater done
Event: 12.696 Loading class java/util/concurrent/atomic/AtomicReferenceFieldUpdater$AtomicReferenceFieldUpdaterImpl
Event: 12.696 Loading class java/util/concurrent/atomic/AtomicReferenceFieldUpdater$AtomicReferenceFieldUpdaterImpl done
Event: 12.696 Loading class java/util/concurrent/atomic/AtomicReferenceFieldUpdater$AtomicReferenceFieldUpdaterImpl$1
Event: 12.696 Loading class java/util/concurrent/atomic/AtomicReferenceFieldUpdater$AtomicReferenceFieldUpdaterImpl$1 done
Event: 12.697 Loading class sun/reflect/misc/ReflectUtil
Event: 12.697 Loading class sun/reflect/misc/ReflectUtil done
Event: 12.845 Loading class java/io/FilterReader
Event: 12.846 Loading class java/io/FilterReader done

Classes unloaded (7 events):
Event: 11.000 Thread 0x000001b3b1172bc0 Unloading class 0x000001b3c91a9000 'java/lang/invoke/LambdaForm$MH+0x000001b3c91a9000'
Event: 11.000 Thread 0x000001b3b1172bc0 Unloading class 0x000001b3c91a8c00 'java/lang/invoke/LambdaForm$MH+0x000001b3c91a8c00'
Event: 11.000 Thread 0x000001b3b1172bc0 Unloading class 0x000001b3c91a8800 'java/lang/invoke/LambdaForm$MH+0x000001b3c91a8800'
Event: 11.000 Thread 0x000001b3b1172bc0 Unloading class 0x000001b3c91a8400 'java/lang/invoke/LambdaForm$MH+0x000001b3c91a8400'
Event: 11.000 Thread 0x000001b3b1172bc0 Unloading class 0x000001b3c91a8000 'java/lang/invoke/LambdaForm$BMH+0x000001b3c91a8000'
Event: 11.000 Thread 0x000001b3b1172bc0 Unloading class 0x000001b3c91a7c00 'java/lang/invoke/LambdaForm$DMH+0x000001b3c91a7c00'
Event: 11.000 Thread 0x000001b3b1172bc0 Unloading class 0x000001b3c91a6800 'java/lang/invoke/LambdaForm$DMH+0x000001b3c91a6800'

Classes redefined (0 events):
No events

Internal exceptions (20 events):
Event: 11.047 Thread 0x000001b40f856920 Exception <a 'java/io/FileNotFoundException'{0x00000000d55db4a8}> (0x00000000d55db4a8) 
thrown [s\src\hotspot\share\prims\jni.cpp, line 520]
Event: 11.048 Thread 0x000001b40f856920 Exception <a 'java/io/FileNotFoundException'{0x00000000d55dc418}> (0x00000000d55dc418) 
thrown [s\src\hotspot\share\prims\jni.cpp, line 520]
Event: 11.393 Thread 0x000001b40f856920 Exception <a 'java/lang/NoSuchMethodError'{0x00000000d61181e8}: 'int java.lang.invoke.DirectMethodHandle$Holder.invokeStaticInit(java.lang.Object, java.lang.Object, java.lang.Object)'> (0x00000000d61181e8) 
thrown [s\src\hotspot\share\interpreter\linkResolver.cpp, line 773]
Event: 12.546 Thread 0x000001b40f856920 Implicit null exception at 0x000001b3bc05b175 to 0x000001b3bc05b250
Event: 12.548 Thread 0x000001b40f855c00 Exception <a 'java/lang/NoSuchMethodError'{0x00000000d660d4d8}: 'java.lang.Object java.lang.invoke.DirectMethodHandle$Holder.invokeStaticInit(java.lang.Object, java.lang.Object, java.lang.Object, java.lang.Object, java.lang.Object, java.lang.Object, java.lang.Object)'> (0x00000000d660d4d8) 
thrown [s\src\hotspot\share\interpreter\linkResolver.cpp, line 773]
Event: 12.549 Thread 0x000001b40f855c00 Exception <a 'java/lang/NoSuchMethodError'{0x00000000d6611cb0}: 'java.lang.Object java.lang.invoke.Invokers$Holder.invoke_MT(java.lang.Object, java.lang.Object, java.lang.Object, java.lang.Object, java.lang.Object, java.lang.Object, java.lang.Object, java.lang.Object, java.lang.Object)'> (0x00000000d6611cb0) 
thrown [s\src\hotspot\share\interpreter\linkResolver.cpp, line 773]
Event: 12.556 Thread 0x000001b40f855c00 Exception <a 'java/lang/NoSuchMethodError'{0x00000000d6690870}: 'int java.lang.invoke.DirectMethodHandle$Holder.invokeVirtual(java.lang.Object, java.lang.Object, java.lang.Object)'> (0x00000000d6690870) 
thrown [s\src\hotspot\share\interpreter\linkResolver.cpp, line 773]
Event: 12.557 Thread 0x000001b40f855c00 Exception <a 'java/lang/NoSuchMethodError'{0x00000000d66a9ef0}: 'int java.lang.invoke.DirectMethodHandle$Holder.invokeStaticInit(java.lang.Object, int, int)'> (0x00000000d66a9ef0) 
thrown [s\src\hotspot\share\interpreter\linkResolver.cpp, line 773]
Event: 12.559 Thread 0x000001b40f855c00 Exception <a 'java/lang/NoSuchMethodError'{0x00000000d6738bd8}: 'int java.lang.invoke.DirectMethodHandle$Holder.invokeStaticInit(java.lang.Object, long, long)'> (0x00000000d6738bd8) 
thrown [s\src\hotspot\share\interpreter\linkResolver.cpp, line 773]
Event: 12.560 Thread 0x000001b40f855c00 Exception <a 'java/lang/NoSuchMethodError'{0x00000000d673f2c0}: 'int java.lang.invoke.DirectMethodHandle$Holder.invokeStaticInit(java.lang.Object, float, float)'> (0x00000000d673f2c0) 
thrown [s\src\hotspot\share\interpreter\linkResolver.cpp, line 773]
Event: 12.560 Thread 0x000001b40f855c00 Exception <a 'java/lang/NoSuchMethodError'{0x00000000d6745be0}: 'int java.lang.invoke.DirectMethodHandle$Holder.invokeStaticInit(java.lang.Object, double, double)'> (0x00000000d6745be0) 
thrown [s\src\hotspot\share\interpreter\linkResolver.cpp, line 773]
Event: 12.561 Thread 0x000001b40f855c00 Exception <a 'java/lang/NoSuchMethodError'{0x00000000d6750820}: 'int java.lang.invoke.DirectMethodHandle$Holder.invokeStatic(java.lang.Object, long)'> (0x00000000d6750820) 
thrown [s\src\hotspot\share\interpreter\linkResolver.cpp, line 773]
Event: 12.565 Thread 0x000001b40f855c00 Exception <a 'java/lang/NoSuchMethodError'{0x00000000d67f3d30}: 'int java.lang.invoke.Invokers$Holder.linkToTargetMethod(java.lang.Object, java.lang.Object)'> (0x00000000d67f3d30) 
thrown [s\src\hotspot\share\interpreter\linkResolver.cpp, line 773]
Event: 12.577 Thread 0x000001b40f856290 Exception <a 'java/lang/NoSuchMethodError'{0x00000000d68fed78}: 'int java.lang.invoke.DirectMethodHandle$Holder.invokeSpecial(java.lang.Object, java.lang.Object, java.lang.Object, java.lang.Object)'> (0x00000000d68fed78) 
thrown [s\src\hotspot\share\interpreter\linkResolver.cpp, line 773]
Event: 12.579 Thread 0x000001b40f856290 Exception <a 'java/lang/NoSuchMethodError'{0x00000000d6914ea0}: 'java.lang.Object java.lang.invoke.DirectMethodHandle$Holder.invokeStatic(java.lang.Object, int, java.lang.Object, java.lang.Object)'> (0x00000000d6914ea0) 
thrown [s\src\hotspot\share\interpreter\linkResolver.cpp, line 773]
Event: 12.580 Thread 0x000001b40f856290 Exception <a 'java/lang/NoSuchMethodError'{0x00000000d691fee8}: 'java.lang.Object java.lang.invoke.DelegatingMethodHandle$Holder.delegate(java.lang.Object, int, java.lang.Object, java.lang.Object)'> (0x00000000d691fee8) 
thrown [s\src\hotspot\share\interpreter\linkResolver.cpp, line 773]
Event: 12.585 Thread 0x000001b40f856290 Exception <a 'java/lang/NoSuchMethodError'{0x00000000d6b62d88}: 'int java.lang.invoke.Invokers$Holder.linkToTargetMethod(java.lang.Object, java.lang.Object, java.lang.Object)'> (0x00000000d6b62d88) 
thrown [s\src\hotspot\share\interpreter\linkResolver.cpp, line 773]
Event: 12.646 Thread 0x000001b40f855c00 Exception <a 'java/lang/NoSuchMethodError'{0x00000000d58cae58}: 'java.lang.Object java.lang.invoke.DirectMethodHandle$Holder.invokeSpecialIFC(java.lang.Object, java.lang.Object, java.lang.Object, java.lang.Object)'> (0x00000000d58cae58) 
thrown [s\src\hotspot\share\interpreter\linkResolver.cpp, line 773]
Event: 12.700 Thread 0x000001b40f856920 Exception <a 'java/io/FileNotFoundException'{0x00000000d5aea2f8}> (0x00000000d5aea2f8) 
thrown [s\src\hotspot\share\prims\jni.cpp, line 520]
Event: 12.784 Thread 0x000001b40f856920 Exception <a 'java/io/FileNotFoundException'{0x00000000d68817f0}> (0x00000000d68817f0) 
thrown [s\src\hotspot\share\prims\jni.cpp, line 520]

ZGC Phase Switch (0 events):
No events

VM Operations (20 events):
Event: 9.802 Executing VM operation: HandshakeAllThreads (Deoptimize)
Event: 9.802 Executing VM operation: HandshakeAllThreads (Deoptimize) done
Event: 9.892 Executing VM operation: HandshakeAllThreads (Deoptimize)
Event: 9.892 Executing VM operation: HandshakeAllThreads (Deoptimize) done
Event: 9.905 Executing VM operation: HandshakeAllThreads (Deoptimize)
Event: 9.905 Executing VM operation: HandshakeAllThreads (Deoptimize) done
Event: 10.325 Executing VM operation: ParallelGCFailedAllocation (Allocation Failure)
Event: 10.333 Executing VM operation: ParallelGCFailedAllocation (Allocation Failure) done
Event: 10.923 Executing VM operation: ParallelGCFailedAllocation (Allocation Failure)
Event: 10.931 Executing VM operation: ParallelGCFailedAllocation (Allocation Failure) done
Event: 10.989 Executing VM operation: CollectForMetadataAllocation (Metadata GC Threshold)
Event: 11.034 Executing VM operation: CollectForMetadataAllocation (Metadata GC Threshold) done
Event: 12.578 Executing VM operation: HandshakeAllThreads (Deoptimize)
Event: 12.578 Executing VM operation: HandshakeAllThreads (Deoptimize) done
Event: 12.578 Executing VM operation: Cleanup
Event: 12.578 Executing VM operation: Cleanup done
Event: 12.594 Executing VM operation: ParallelGCFailedAllocation (Allocation Failure)
Event: 12.596 Executing VM operation: ParallelGCFailedAllocation (Allocation Failure) done
Event: 13.597 Executing VM operation: Cleanup
Event: 13.597 Executing VM operation: Cleanup done

Memory protections (0 events):
No events

Nmethod flushes (0 events):
No events

Events (20 events):
Event: 3.952 Thread 0x000001b40a28e400 Thread exited: 0x000001b40a28e400
Event: 3.988 Thread 0x000001b3aec9d330 Thread added: 0x000001b3b128d460
Event: 4.018 Thread 0x000001b3b1294520 Thread added: 0x000001b40f780490
Event: 4.316 Thread 0x000001b40f780490 Thread exited: 0x000001b40f780490
Event: 4.690 Thread 0x000001b3aec9d330 Thread added: 0x000001b3b128b390
Event: 4.810 Thread 0x000001b3b128b390 Thread added: 0x000001b3b128c0b0
Event: 4.816 Thread 0x000001b3aec9d330 Thread added: 0x000001b40f856920
Event: 5.175 Thread 0x000001b3b129c7b0 Thread added: 0x000001b40f478630
Event: 5.749 Thread 0x000001b40f856920 Thread added: 0x000001b40f854ee0
Event: 6.087 Thread 0x000001b40f478630 Thread exited: 0x000001b40f478630
Event: 6.814 Thread 0x000001b40f856920 Thread added: 0x000001b40f856fb0
Event: 7.799 Thread 0x000001b3b1294520 Thread added: 0x000001b40fb20a30
Event: 8.069 Thread 0x000001b40fb20a30 Thread exited: 0x000001b40fb20a30
Event: 9.046 Thread 0x000001b40f856920 Thread added: 0x000001b40f855570
Event: 9.580 Thread 0x000001b40f856920 Thread added: 0x000001b40f855c00
Event: 9.624 Thread 0x000001b40f856920 Thread added: 0x000001b40f856290
Event: 9.807 Thread 0x000001b3b129c7b0 Thread added: 0x000001b40ff99be0
Event: 11.235 Thread 0x000001b40ff99be0 Thread exited: 0x000001b40ff99be0
Event: 11.715 Thread 0x000001b40f855c00 Thread added: 0x000001b40f857cd0
Event: 12.620 Thread 0x000001b3b129c7b0 Thread added: 0x000001b410ddc790


Dynamic libraries:
0x00007ff723370000 - 0x00007ff72337e000 	c:\Users\roque\.vscode\extensions\redhat.java-1.46.0-win32-x64\jre\21.0.8-win32-x86_64\bin\java.exe
0x00007ffd356c0000 - 0x00007ffd35928000 	C:\WINDOWS\SYSTEM32\ntdll.dll
0x00007ffd34930000 - 0x00007ffd349f9000 	C:\WINDOWS\System32\KERNEL32.DLL
0x00007ffd33060000 - 0x00007ffd33452000 	C:\WINDOWS\System32\KERNELBASE.dll
0x00007ffd32b80000 - 0x00007ffd32ccb000 	C:\WINDOWS\System32\ucrtbase.dll
0x00007ffccd310000 - 0x00007ffccd328000 	c:\Users\roque\.vscode\extensions\redhat.java-1.46.0-win32-x64\jre\21.0.8-win32-x86_64\bin\jli.dll
0x00007ffd34cf0000 - 0x00007ffd34eb5000 	C:\WINDOWS\System32\USER32.dll
0x00007ffd33460000 - 0x00007ffd33487000 	C:\WINDOWS\System32\win32u.dll
0x00007ffd34290000 - 0x00007ffd342bb000 	C:\WINDOWS\System32\GDI32.dll
0x00007ffd32a50000 - 0x00007ffd32b7d000 	C:\WINDOWS\System32\gdi32full.dll
0x00007ffd328e0000 - 0x00007ffd32983000 	C:\WINDOWS\System32\msvcp_win.dll
0x00007ffccd2f0000 - 0x00007ffccd30e000 	c:\Users\roque\.vscode\extensions\redhat.java-1.46.0-win32-x64\jre\21.0.8-win32-x86_64\bin\VCRUNTIME140.dll
0x00007ffd11ac0000 - 0x00007ffd11d53000 	C:\WINDOWS\WinSxS\amd64_microsoft.windows.common-controls_6595b64144ccf1df_6.0.26100.6899_none_3e0efeeae32e88c1\COMCTL32.dll
0x00007ffd344f0000 - 0x00007ffd34599000 	C:\WINDOWS\System32\msvcrt.dll
0x00007ffd342c0000 - 0x00007ffd342ef000 	C:\WINDOWS\System32\IMM32.DLL
0x00007ffcf8460000 - 0x00007ffcf846c000 	c:\Users\roque\.vscode\extensions\redhat.java-1.46.0-win32-x64\jre\21.0.8-win32-x86_64\bin\vcruntime140_1.dll
0x00007ffcbafc0000 - 0x00007ffcbb04d000 	c:\Users\roque\.vscode\extensions\redhat.java-1.46.0-win32-x64\jre\21.0.8-win32-x86_64\bin\msvcp140.dll
0x00007ffc2ede0000 - 0x00007ffc2fb77000 	c:\Users\roque\.vscode\extensions\redhat.java-1.46.0-win32-x64\jre\21.0.8-win32-x86_64\bin\server\jvm.dll
0x00007ffd33c00000 - 0x00007ffd33cb4000 	C:\WINDOWS\System32\ADVAPI32.dll
0x00007ffd33cc0000 - 0x00007ffd33d66000 	C:\WINDOWS\System32\sechost.dll
0x00007ffd34170000 - 0x00007ffd34288000 	C:\WINDOWS\System32\RPCRT4.dll
0x00007ffd33490000 - 0x00007ffd33504000 	C:\WINDOWS\System32\WS2_32.dll
0x00007ffd326b0000 - 0x00007ffd3270e000 	C:\WINDOWS\SYSTEM32\POWRPROF.dll
0x00007ffd23b50000 - 0x00007ffd23b85000 	C:\WINDOWS\SYSTEM32\WINMM.dll
0x00007ffd24ee0000 - 0x00007ffd24eeb000 	C:\WINDOWS\SYSTEM32\VERSION.dll
0x00007ffd32690000 - 0x00007ffd326a4000 	C:\WINDOWS\SYSTEM32\UMPDC.dll
0x00007ffd31620000 - 0x00007ffd3163b000 	C:\WINDOWS\SYSTEM32\kernel.appcore.dll
0x00007ffcfb170000 - 0x00007ffcfb17a000 	c:\Users\roque\.vscode\extensions\redhat.java-1.46.0-win32-x64\jre\21.0.8-win32-x86_64\bin\jimage.dll
0x00007ffd2fdf0000 - 0x00007ffd30032000 	C:\WINDOWS\SYSTEM32\DBGHELP.DLL
0x00007ffd345b0000 - 0x00007ffd3492b000 	C:\WINDOWS\System32\combase.dll
0x00007ffd33df0000 - 0x00007ffd33ec7000 	C:\WINDOWS\System32\OLEAUT32.dll
0x00007ffd13fb0000 - 0x00007ffd13fec000 	C:\WINDOWS\SYSTEM32\dbgcore.DLL
0x00007ffd32e50000 - 0x00007ffd32ee8000 	C:\WINDOWS\System32\bcryptPrimitives.dll
0x00007ffd2f200000 - 0x00007ffd2f20f000 	c:\Users\roque\.vscode\extensions\redhat.java-1.46.0-win32-x64\jre\21.0.8-win32-x86_64\bin\instrument.dll
0x00007ffce1df0000 - 0x00007ffce1e0f000 	c:\Users\roque\.vscode\extensions\redhat.java-1.46.0-win32-x64\jre\21.0.8-win32-x86_64\bin\java.dll
0x00007ffd34ec0000 - 0x00007ffd3560d000 	C:\WINDOWS\System32\SHELL32.dll
0x00007ffd32ef0000 - 0x00007ffd3305b000 	C:\WINDOWS\System32\wintypes.dll
0x00007ffd304a0000 - 0x00007ffd30cfd000 	C:\WINDOWS\SYSTEM32\windows.storage.dll
0x00007ffd34a80000 - 0x00007ffd34b72000 	C:\WINDOWS\System32\SHCORE.dll
0x00007ffd35610000 - 0x00007ffd35672000 	C:\WINDOWS\System32\shlwapi.dll
0x00007ffd32770000 - 0x00007ffd32799000 	C:\WINDOWS\SYSTEM32\profapi.dll
0x00007ffce1dd0000 - 0x00007ffce1de8000 	c:\Users\roque\.vscode\extensions\redhat.java-1.46.0-win32-x64\jre\21.0.8-win32-x86_64\bin\zip.dll
0x00007ffcf8ab0000 - 0x00007ffcf8ac0000 	C:\Users\roque\.vscode\extensions\redhat.java-1.46.0-win32-x64\jre\21.0.8-win32-x86_64\bin\net.dll
0x00007ffd2b660000 - 0x00007ffd2b77f000 	C:\WINDOWS\SYSTEM32\WINHTTP.dll
0x00007ffd31b90000 - 0x00007ffd31bfb000 	C:\WINDOWS\system32\mswsock.dll
0x00007ffce1680000 - 0x00007ffce1696000 	C:\Users\roque\.vscode\extensions\redhat.java-1.46.0-win32-x64\jre\21.0.8-win32-x86_64\bin\nio.dll
0x00007ffcfffb0000 - 0x00007ffcfffc0000 	c:\Users\roque\.vscode\extensions\redhat.java-1.46.0-win32-x64\jre\21.0.8-win32-x86_64\bin\verify.dll
0x00007ffcc1970000 - 0x00007ffcc19b4000 	C:\Users\roque\AppData\Roaming\Code\User\globalStorage\redhat.java\1.46.0\config_win\org.eclipse.equinox.launcher\org.eclipse.equinox.launcher.win32.win32.x86_64_1.2.1400.v20250801-0854\eclipse_11916.dll
0x00007ffd33fd0000 - 0x00007ffd34168000 	C:\WINDOWS\System32\ole32.dll
0x00007ffcf6330000 - 0x00007ffcf633a000 	C:\Users\roque\.vscode\extensions\redhat.java-1.46.0-win32-x64\jre\21.0.8-win32-x86_64\bin\management.dll
0x00007ffcf5a50000 - 0x00007ffcf5a5b000 	C:\Users\roque\.vscode\extensions\redhat.java-1.46.0-win32-x64\jre\21.0.8-win32-x86_64\bin\management_ext.dll
0x00007ffd34c60000 - 0x00007ffd34c68000 	C:\WINDOWS\System32\PSAPI.DLL
0x00007ffd31e40000 - 0x00007ffd31e5b000 	C:\WINDOWS\SYSTEM32\CRYPTSP.dll
0x00007ffd31580000 - 0x00007ffd315bb000 	C:\WINDOWS\system32\rsaenh.dll
0x00007ffd31c30000 - 0x00007ffd31c5b000 	C:\WINDOWS\SYSTEM32\USERENV.dll
0x00007ffd32740000 - 0x00007ffd32766000 	C:\WINDOWS\SYSTEM32\bcrypt.dll
0x00007ffd31e60000 - 0x00007ffd31e6c000 	C:\WINDOWS\SYSTEM32\CRYPTBASE.dll
0x00007ffd31170000 - 0x00007ffd311a4000 	C:\WINDOWS\SYSTEM32\IPHLPAPI.DLL
0x00007ffd344e0000 - 0x00007ffd344ea000 	C:\WINDOWS\System32\NSI.dll

JVMTI agents:
c:\Users\roque\.vscode\extensions\redhat.java-1.46.0-win32-x64\lombok\lombok-1.18.39-4050.jar path:c:\Users\roque\.vscode\extensions\redhat.java-1.46.0-win32-x64\jre\21.0.8-win32-x86_64\bin\instrument.dll, loaded, initialized, instrumentlib options:none

dbghelp: loaded successfully - version: 4.0.5 - missing functions: none
symbol engine: initialized successfully - sym options: 0x614 - pdb path: .;c:\Users\roque\.vscode\extensions\redhat.java-1.46.0-win32-x64\jre\21.0.8-win32-x86_64\bin;C:\WINDOWS\SYSTEM32;C:\WINDOWS\WinSxS\amd64_microsoft.windows.common-controls_6595b64144ccf1df_6.0.26100.6899_none_3e0efeeae32e88c1;c:\Users\roque\.vscode\extensions\redhat.java-1.46.0-win32-x64\jre\21.0.8-win32-x86_64\bin\server;C:\Users\roque\AppData\Roaming\Code\User\globalStorage\redhat.java\1.46.0\config_win\org.eclipse.equinox.launcher\org.eclipse.equinox.launcher.win32.win32.x86_64_1.2.1400.v20250801-0854

VM Arguments:
jvm_args: --add-modules=ALL-SYSTEM --add-opens=java.base/java.util=ALL-UNNAMED --add-opens=java.base/java.lang=ALL-UNNAMED --add-opens=java.base/sun.nio.fs=ALL-UNNAMED -Declipse.application=org.eclipse.jdt.ls.core.id1 -Dosgi.bundles.defaultStartLevel=4 -Declipse.product=org.eclipse.jdt.ls.core.product -Djava.import.generatesMetadataFilesAtProjectRoot=false -DDetectVMInstallationsJob.disabled=true -Dfile.encoding=utf8 -XX:+UseParallelGC -XX:GCTimeRatio=4 -XX:AdaptiveSizePolicyWeight=90 -Dsun.zip.disableMemoryMapping=true -Xmx2G -Xms100m -Xlog:disable -javaagent:c:\Users\roque\.vscode\extensions\redhat.java-1.46.0-win32-x64\lombok\lombok-1.18.39-4050.jar -XX:+HeapDumpOnOutOfMemoryError -XX:HeapDumpPath=c:\Users\roque\AppData\Roaming\Code\User\workspaceStorage\b85439fd94097e179616c646c5b2ad43\redhat.java -Daether.dependencyCollector.impl=bf 
java_command: c:\Users\roque\.vscode\extensions\redhat.java-1.46.0-win32-x64\server\plugins\org.eclipse.equinox.launcher_1.7.0.v20250519-0528.jar -configuration c:\Users\roque\AppData\Roaming\Code\User\globalStorage\redhat.java\1.46.0\config_win -data c:\Users\roque\AppData\Roaming\Code\User\workspaceStorage\b85439fd94097e179616c646c5b2ad43\redhat.java\jdt_ws --pipe=\\.\pipe\lsp-de88a7ec063d762c2819690ecc94edc4-sock
java_class_path (initial): c:\Users\roque\.vscode\extensions\redhat.java-1.46.0-win32-x64\server\plugins\org.eclipse.equinox.launcher_1.7.0.v20250519-0528.jar
Launcher Type: SUN_STANDARD

[Global flags]
    uintx AdaptiveSizePolicyWeight                 = 90                                        {product} {command line}
     intx CICompilerCount                          = 4                                         {product} {ergonomic}
    uintx GCTimeRatio                              = 4                                         {product} {command line}
     bool HeapDumpOnOutOfMemoryError               = true                                   {manageable} {command line}
    ccstr HeapDumpPath                             = c:\Users\roque\AppData\Roaming\Code\User\workspaceStorage\b85439fd94097e179616c646c5b2ad43\redhat.java         {manageable} {command line}
   size_t InitialHeapSize                          = 104857600                                 {product} {command line}
   size_t MaxHeapSize                              = 2147483648                                {product} {command line}
   size_t MaxNewSize                               = 715653120                                 {product} {ergonomic}
   size_t MinHeapDeltaBytes                        = 524288                                    {product} {ergonomic}
   size_t MinHeapSize                              = 104857600                                 {product} {command line}
   size_t NewSize                                  = 34603008                                  {product} {ergonomic}
    uintx NonNMethodCodeHeapSize                   = 5839372                                {pd product} {ergonomic}
    uintx NonProfiledCodeHeapSize                  = 122909434                              {pd product} {ergonomic}
   size_t OldSize                                  = 70254592                                  {product} {ergonomic}
    uintx ProfiledCodeHeapSize                     = 122909434                              {pd product} {ergonomic}
    uintx ReservedCodeCacheSize                    = 251658240                              {pd product} {ergonomic}
     bool SegmentedCodeCache                       = true                                      {product} {ergonomic}
   size_t SoftMaxHeapSize                          = 2147483648                             {manageable} {ergonomic}
     bool UseCompressedOops                        = true                           {product lp64_product} {ergonomic}
     bool UseLargePagesIndividualAllocation        = false                                  {pd product} {ergonomic}
     bool UseParallelGC                            = true                                      {product} {command line}

Logging:
Log output configuration:
 #0: stdout all=off uptime,level,tags foldmultilines=false
 #1: stderr all=off uptime,level,tags foldmultilines=false

Environment Variables:
PATH=C:\Program Files\Common Files\Oracle\Java\javapath;C:\Python312\Scripts\;C:\Python312\;C:\Program Files (x86)\Common Files\Oracle\Java\javapath;C:\WINDOWS\system32;C:\WINDOWS;C:\WINDOWS\System32\Wbem;C:\WINDOWS\System32\WindowsPowerShell\v1.0\;C:\WINDOWS\System32\OpenSSH\;C:\ProgramData\chocolatey\bin;C:\Program Files\dotnet\;C:\Program Files\Git\cmd;C:\Program Files\nodejs\;C:\Users\roque\AppData\Local\Muse Hub\lib;C:\Program Files\Go\bin;C:\Users\roque\AppData\Local\Programs\Eclipse Adoptium\jdk-21.0.5.11-hotspot\bin;C:\Users\roque\AppData\Local\Microsoft\WindowsApps;C:\Users\roque\AppData\Local\Programs\Microsoft VS Code\bin;C:\Users\roque\.dotnet\tools;C:\Users\roque\AppData\Local\GitHubDesktop\bin;C:\Users\roque\AppData\Local\Muse Hub\lib;C:\Users\roque\AppData\Roaming\npm;C:\Users\roque\AppData\Local\Pandoc\;C:\texlive\2025\bin\windows;C:\flutter\bin;C:\Users\roque\go\bin
USERNAME=roque
OS=Windows_NT
PROCESSOR_IDENTIFIER=Intel64 Family 6 Model 154 Stepping 4, GenuineIntel
TMP=C:\Users\roque\AppData\Local\Temp
TEMP=C:\Users\roque\AppData\Local\Temp




Periodic native trim disabled

---------------  S Y S T E M  ---------------

OS:
 Windows 11 , 64 bit Build 26100 (10.0.26100.6725)
OS uptime: 10 days 18:55 hours
Hyper-V role detected

CPU: total 12 (initial active 12) (6 cores per cpu, 2 threads per core) family 6 model 154 stepping 4 microcode 0x432, cx8, cmov, fxsr, ht, mmx, 3dnowpref, sse, sse2, sse3, ssse3, sse4.1, sse4.2, popcnt, lzcnt, tsc, tscinvbit, avx, avx2, aes, erms, clmul, bmi1, bmi2, adx, sha, fma, vzeroupper, clflush, clflushopt, clwb, hv, serialize, rdtscp, rdpid, fsrm, f16c, cet_ibt, cet_ss
Processor Information for processor 0
  Max Mhz: 1300, Current Mhz: 1300, Mhz Limit: 1300
Processor Information for processor 1
  Max Mhz: 1300, Current Mhz: 1300, Mhz Limit: 1300
Processor Information for processor 2
  Max Mhz: 1300, Current Mhz: 1300, Mhz Limit: 1300
Processor Information for processor 3
  Max Mhz: 1300, Current Mhz: 1300, Mhz Limit: 1300
Processor Information for processor 4
  Max Mhz: 900, Current Mhz: 900, Mhz Limit: 900
Processor Information for processor 5
  Max Mhz: 900, Current Mhz: 900, Mhz Limit: 900
Processor Information for processor 6
  Max Mhz: 900, Current Mhz: 900, Mhz Limit: 900
Processor Information for processor 7
  Max Mhz: 900, Current Mhz: 900, Mhz Limit: 900
Processor Information for processor 8
  Max Mhz: 900, Current Mhz: 900, Mhz Limit: 900
Processor Information for processor 9
  Max Mhz: 900, Current Mhz: 900, Mhz Limit: 900
Processor Information for processor 10
  Max Mhz: 900, Current Mhz: 900, Mhz Limit: 900
Processor Information for processor 11
  Max Mhz: 900, Current Mhz: 900, Mhz Limit: 900

Memory: 4k page, system-wide physical 7916M (530M free)
TotalPageFile size 32492M (AvailPageFile size 13M)
current process WorkingSet (physical memory assigned to process): 185M, peak: 186M
current process commit charge ("private bytes"): 319M, peak: 323M

vm_info: OpenJDK 64-Bit Server VM (21.0.8+9-LTS) for windows-amd64 JRE (21.0.8+9-LTS), built on 2025-07-15T00:00:00Z by "admin" with MS VC++ 17.7 (VS2022)

END.
